<?xml version="1.0" encoding="UTF-8"?>
<!-- Generated by org.testng.reporters.JUnitReportReporter -->
<testsuite hostname="MD_ILIYAS" failures="0" tests="1" name="xmlparameyrization.PracticeTest" time="0.009" errors="0" timestamp="2023-01-08T11:28:47 IST" skipped="0">
  <testcase classname="xmlparameyrization.PracticeTest" name="demoTest" time="0.009"/>
  <system-out/>
</testsuite> <!-- xmlparameyrization.PracticeTest -->
