<?xml version="1.0" encoding="UTF-8"?>
<!-- Generated by org.testng.reporters.JUnitReportReporter -->
<testsuite hostname="MD_ILIYAS" failures="0" tests="1" name="com.TestNG.TestNG.Icc01" time="61.864" errors="0" timestamp="2023-01-03T17:41:41 IST" skipped="0">
  <testcase classname="com.TestNG.TestNG.Icc01" name="getPlayerList" time="61.864"/>
  <system-out/>
</testsuite> <!-- com.TestNG.TestNG.Icc01 -->
